[debug] [2025-01-07T01:17:39.708Z] ----------------------------------------------------------------------
[debug] [2025-01-07T01:17:39.709Z] Command:       C:\Program Files\nodejs\node.exe C:\Users\Administrator\AppData\Roaming\npm\node_modules\firebase-tools\lib\bin\firebase.js init
[debug] [2025-01-07T01:17:39.710Z] CLI Version:   13.29.1
[debug] [2025-01-07T01:17:39.710Z] Platform:      win32
[debug] [2025-01-07T01:17:39.710Z] Node Version:  v22.12.0
[debug] [2025-01-07T01:17:39.710Z] Time:          Tue Jan 07 2025 03:17:39 GMT+0200 (Eastern European Standard Time)
[debug] [2025-01-07T01:17:39.710Z] ----------------------------------------------------------------------
[debug] 
[debug] [2025-01-07T01:17:39.713Z] > command requires scopes: ["email","openid","https://www.googleapis.com/auth/cloudplatformprojects.readonly","https://www.googleapis.com/auth/firebase","https://www.googleapis.com/auth/cloud-platform"]
[debug] [2025-01-07T01:17:39.714Z] > authorizing via signed-in user (lotfeabdo080@gmail.com)
[info] 
     ######## #### ########  ######## ########     ###     ######  ########
     ##        ##  ##     ## ##       ##     ##  ##   ##  ##       ##
     ######    ##  ########  ######   ########  #########  ######  ######
     ##        ##  ##    ##  ##       ##     ## ##     ##       ## ##
     ##       #### ##     ## ######## ########  ##     ##  ######  ########

You're about to initialize a Firebase project in this directory:

  C:\Users\Administrator\Desktop\plan

[info] 
=== Project Setup
[info] 
[info] First, let's associate this project directory with a Firebase project.
[info] You can create multiple project aliases by running firebase use --add, 
[info] but for now we'll just set up a default project.
[info] 
[info] i  If you want to create a project in a Google Cloud organization or folder, please use "firebase projects:create" instead, and return to this command when you've created the project. 
[debug] [2025-01-07T01:17:50.360Z] Checked if tokens are valid: true, expires at: 1736215990430
[debug] [2025-01-07T01:17:50.361Z] Checked if tokens are valid: true, expires at: 1736215990430
[debug] [2025-01-07T01:17:50.361Z] >>> [apiv2][query] POST https://cloudresourcemanager.googleapis.com/v1/projects [none]
[debug] [2025-01-07T01:17:50.362Z] >>> [apiv2][body] POST https://cloudresourcemanager.googleapis.com/v1/projects {"projectId":"shata-services-123","name":"shata-services-123"}
[debug] [2025-01-07T01:17:51.284Z] <<< [apiv2][status] POST https://cloudresourcemanager.googleapis.com/v1/projects 200
[debug] [2025-01-07T01:17:51.284Z] <<< [apiv2][body] POST https://cloudresourcemanager.googleapis.com/v1/projects {"name":"operations/cp.6208806159573662262"}
[debug] [2025-01-07T01:17:51.285Z] Checked if tokens are valid: true, expires at: 1736215990430
[debug] [2025-01-07T01:17:51.285Z] Checked if tokens are valid: true, expires at: 1736215990430
[debug] [2025-01-07T01:17:51.285Z] >>> [apiv2][query] GET https://cloudresourcemanager.googleapis.com/v1/operations/cp.6208806159573662262 [none]
[debug] [2025-01-07T01:17:52.092Z] <<< [apiv2][status] GET https://cloudresourcemanager.googleapis.com/v1/operations/cp.6208806159573662262 200
[debug] [2025-01-07T01:17:52.092Z] <<< [apiv2][body] GET https://cloudresourcemanager.googleapis.com/v1/operations/cp.6208806159573662262 {"name":"operations/cp.6208806159573662262"}
[debug] [2025-01-07T01:17:52.592Z] [Project Creation Poller] Retrying task index 0
[debug] [2025-01-07T01:17:52.592Z] Checked if tokens are valid: true, expires at: 1736215990430
[debug] [2025-01-07T01:17:52.592Z] Checked if tokens are valid: true, expires at: 1736215990430
[debug] [2025-01-07T01:17:52.592Z] >>> [apiv2][query] GET https://cloudresourcemanager.googleapis.com/v1/operations/cp.6208806159573662262 [none]
[debug] [2025-01-07T01:17:52.903Z] <<< [apiv2][status] GET https://cloudresourcemanager.googleapis.com/v1/operations/cp.6208806159573662262 200
[debug] [2025-01-07T01:17:52.903Z] <<< [apiv2][body] GET https://cloudresourcemanager.googleapis.com/v1/operations/cp.6208806159573662262 {"name":"operations/cp.6208806159573662262"}
[debug] [2025-01-07T01:17:53.904Z] [Project Creation Poller] Retrying task index 0
[debug] [2025-01-07T01:17:53.904Z] Checked if tokens are valid: true, expires at: 1736215990430
[debug] [2025-01-07T01:17:53.904Z] Checked if tokens are valid: true, expires at: 1736215990430
[debug] [2025-01-07T01:17:53.904Z] >>> [apiv2][query] GET https://cloudresourcemanager.googleapis.com/v1/operations/cp.6208806159573662262 [none]
[debug] [2025-01-07T01:17:54.207Z] <<< [apiv2][status] GET https://cloudresourcemanager.googleapis.com/v1/operations/cp.6208806159573662262 200
[debug] [2025-01-07T01:17:54.207Z] <<< [apiv2][body] GET https://cloudresourcemanager.googleapis.com/v1/operations/cp.6208806159573662262 {"name":"operations/cp.6208806159573662262","metadata":{"@type":"type.googleapis.com/google.cloudresourcemanager.v1.ProjectCreationStatus","gettable":true}}
[debug] [2025-01-07T01:17:56.207Z] [Project Creation Poller] Retrying task index 0
[debug] [2025-01-07T01:17:56.208Z] Checked if tokens are valid: true, expires at: 1736215990430
[debug] [2025-01-07T01:17:56.208Z] Checked if tokens are valid: true, expires at: 1736215990430
[debug] [2025-01-07T01:17:56.208Z] >>> [apiv2][query] GET https://cloudresourcemanager.googleapis.com/v1/operations/cp.6208806159573662262 [none]
[debug] [2025-01-07T01:17:56.600Z] <<< [apiv2][status] GET https://cloudresourcemanager.googleapis.com/v1/operations/cp.6208806159573662262 200
[debug] [2025-01-07T01:17:56.600Z] <<< [apiv2][body] GET https://cloudresourcemanager.googleapis.com/v1/operations/cp.6208806159573662262 {"name":"operations/cp.6208806159573662262","metadata":{"@type":"type.googleapis.com/google.cloudresourcemanager.v1.ProjectCreationStatus","gettable":true,"ready":true},"done":true,"response":{"@type":"type.googleapis.com/google.cloudresourcemanager.v1.Project","projectNumber":"624767098359","projectId":"shata-services-123","lifecycleState":"ACTIVE","name":"shata-services-123","createTime":"2025-01-07T01:17:53.051189Z"}}
[debug] [2025-01-07T01:17:56.601Z] Checked if tokens are valid: true, expires at: 1736215990430
[debug] [2025-01-07T01:17:56.601Z] Checked if tokens are valid: true, expires at: 1736215990430
[debug] [2025-01-07T01:17:56.602Z] >>> [apiv2][query] POST https://firebase.googleapis.com/v1beta1/projects/shata-services-123:addFirebase [none]
[debug] [2025-01-07T01:17:57.830Z] <<< [apiv2][status] POST https://firebase.googleapis.com/v1beta1/projects/shata-services-123:addFirebase 403
[debug] [2025-01-07T01:17:57.830Z] <<< [apiv2][body] POST https://firebase.googleapis.com/v1beta1/projects/shata-services-123:addFirebase {"error":{"code":403,"message":"The caller does not have permission","status":"PERMISSION_DENIED"}}
[debug] [2025-01-07T01:17:57.830Z] Request to https://firebase.googleapis.com/v1beta1/projects/shata-services-123:addFirebase had HTTP Error: 403, The caller does not have permission
[debug] [2025-01-07T01:17:57.996Z] FirebaseError: Request to https://firebase.googleapis.com/v1beta1/projects/shata-services-123:addFirebase had HTTP Error: 403, The caller does not have permission
    at responseToError (C:\Users\Administrator\AppData\Roaming\npm\node_modules\firebase-tools\lib\responseToError.js:52:12)
    at RetryOperation._fn (C:\Users\Administrator\AppData\Roaming\npm\node_modules\firebase-tools\lib\apiv2.js:312:77)
    at process.processTicksAndRejections (node:internal/process/task_queues:105:5)
[error] 
[error] Error: Failed to add Firebase to Google Cloud Platform project. See firebase-debug.log for more info.
